app/build/intermediates/manifest_merge_blame_file/debug/manifest-merger-blame-debug-report.txt
1<?xml version="1.0" encoding="utf-8"?>
2<manifest xmlns:android="http://schemas.android.com/apk/res/android"
3    package="com.itx.wvsecurit"
4    android:versionCode="1"
5    android:versionName="1.0" >
6
7    <uses-sdk
8        android:minSdkVersion="23"
8-->src/main/AndroidManifest.xml
9        android:targetSdkVersion="32" />
9-->src/main/AndroidManifest.xml
10
11    <uses-feature
11-->src/main/AndroidManifest.xml:5:5-7:36
12        android:name="android.hardware.camera"
12-->src/main/AndroidManifest.xml:6:9-47
13        android:required="false" />
13-->src/main/AndroidManifest.xml:7:9-33
14    <uses-feature
14-->src/main/AndroidManifest.xml:8:5-10:36
15        android:name="android.hardware.camera.autofocus"
15-->src/main/AndroidManifest.xml:9:9-57
16        android:required="false" />
16-->src/main/AndroidManifest.xml:10:9-33
17    <uses-feature
17-->src/main/AndroidManifest.xml:11:5-13:36
18        android:name="android.hardware.camera.flash"
18-->src/main/AndroidManifest.xml:12:9-53
19        android:required="false" />
19-->src/main/AndroidManifest.xml:13:9-33
20
21    <uses-permission android:name="android.permission.INTERNET" />
21-->src/main/AndroidManifest.xml:15:5-67
21-->src/main/AndroidManifest.xml:15:22-64
22    <uses-permission android:name="android.permission.ACCESS_NETWORK_STATE" />
22-->src/main/AndroidManifest.xml:16:5-79
22-->src/main/AndroidManifest.xml:16:22-76
23    <uses-permission android:name="android.permission.CHANGE_NETWORK_STATE" />
23-->src/main/AndroidManifest.xml:17:5-79
23-->src/main/AndroidManifest.xml:17:22-76
24    <uses-permission android:name="android.permission.READ_EXTERNAL_STORAGE" />
24-->src/main/AndroidManifest.xml:18:5-80
24-->src/main/AndroidManifest.xml:18:22-77
25    <uses-permission android:name="android.permission.WRITE_EXTERNAL_STORAGE" />
25-->src/main/AndroidManifest.xml:19:5-81
25-->src/main/AndroidManifest.xml:19:22-78
26    <uses-permission android:name="android.permission.MANAGE_EXTERNAL_STORAGE" />
26-->src/main/AndroidManifest.xml:20:5-82
26-->src/main/AndroidManifest.xml:20:22-79
27    <uses-permission android:name="android.permission.CAMERA" />
27-->src/main/AndroidManifest.xml:21:5-65
27-->src/main/AndroidManifest.xml:21:22-62
28    <uses-permission android:name="android.permission.FOREGROUND_SERVICE" />
28-->src/main/AndroidManifest.xml:22:5-77
28-->src/main/AndroidManifest.xml:22:22-74
29    <uses-permission android:name="android.permission.ACCESS_FINE_LOCATION" />
29-->src/main/AndroidManifest.xml:23:5-79
29-->src/main/AndroidManifest.xml:23:22-76
30    <uses-permission android:name="android.permission.ACCESS_COARSE_LOCATION" />
30-->src/main/AndroidManifest.xml:24:5-81
30-->src/main/AndroidManifest.xml:24:22-78
31    <uses-permission android:name="android.permission.ACCESS_BACKGROUND_LOCATION" />
31-->src/main/AndroidManifest.xml:25:5-85
31-->src/main/AndroidManifest.xml:25:22-82
32    <uses-permission android:name="android.permission.SYSTEM_ALERT_WINDOW" />
32-->src/main/AndroidManifest.xml:26:5-78
32-->src/main/AndroidManifest.xml:26:22-75
33
34    <application
34-->src/main/AndroidManifest.xml:28:5-83:19
35        android:name="com.itx.wvsecurit.MainApp"
35-->src/main/AndroidManifest.xml:29:9-32
36        android:allowBackup="true"
36-->src/main/AndroidManifest.xml:30:9-35
37        android:appComponentFactory="androidx.core.app.CoreComponentFactory"
37-->[androidx.core:core:1.8.0] AndroidManifest.xml:24:18-86
38        android:dataExtractionRules="@xml/data_extraction_rules"
38-->src/main/AndroidManifest.xml:31:9-65
39        android:debuggable="true"
40        android:extractNativeLibs="false"
41        android:fullBackupContent="@xml/backup_rules"
41-->src/main/AndroidManifest.xml:32:9-54
42        android:icon="@mipmap/ic_button_panic"
42-->src/main/AndroidManifest.xml:33:9-47
43        android:label="@string/app_name"
43-->src/main/AndroidManifest.xml:34:9-41
44        android:roundIcon="@mipmap/ic_button_panic"
44-->src/main/AndroidManifest.xml:35:9-52
45        android:supportsRtl="true"
45-->src/main/AndroidManifest.xml:36:9-35
46        android:testOnly="true"
47        android:theme="@style/Theme.WVSecurit"
47-->src/main/AndroidManifest.xml:37:9-47
48        android:usesCleartextTraffic="true" >
48-->src/main/AndroidManifest.xml:38:9-44
49        <activity
49-->src/main/AndroidManifest.xml:40:9-46:20
50            android:name="com.itx.wvsecurit.ui.view.NewsActivity"
50-->src/main/AndroidManifest.xml:41:13-49
51            android:exported="false" >
51-->src/main/AndroidManifest.xml:42:13-37
52            <meta-data
52-->src/main/AndroidManifest.xml:43:13-45:36
53                android:name="android.app.lib_name"
53-->src/main/AndroidManifest.xml:44:17-52
54                android:value="" />
54-->src/main/AndroidManifest.xml:45:17-33
55        </activity>
56        <activity
56-->src/main/AndroidManifest.xml:47:9-53:20
57            android:name="com.itx.wvsecurit.ui.view.IncidentActivity"
57-->src/main/AndroidManifest.xml:48:13-53
58            android:exported="false" >
58-->src/main/AndroidManifest.xml:49:13-37
59            <meta-data
59-->src/main/AndroidManifest.xml:43:13-45:36
60                android:name="android.app.lib_name"
60-->src/main/AndroidManifest.xml:44:17-52
61                android:value="" />
61-->src/main/AndroidManifest.xml:45:17-33
62        </activity>
63        <activity
63-->src/main/AndroidManifest.xml:54:9-60:20
64            android:name="com.itx.wvsecurit.ui.view.LoginActivity"
64-->src/main/AndroidManifest.xml:55:13-50
65            android:exported="false" >
65-->src/main/AndroidManifest.xml:56:13-37
66            <meta-data
66-->src/main/AndroidManifest.xml:43:13-45:36
67                android:name="android.app.lib_name"
67-->src/main/AndroidManifest.xml:44:17-52
68                android:value="" />
68-->src/main/AndroidManifest.xml:45:17-33
69        </activity>
70        <activity
70-->src/main/AndroidManifest.xml:61:9-73:20
71            android:name="com.itx.wvsecurit.ui.view.MainActivity"
71-->src/main/AndroidManifest.xml:62:13-49
72            android:exported="true" >
72-->src/main/AndroidManifest.xml:63:13-36
73            <intent-filter>
73-->src/main/AndroidManifest.xml:64:13-68:29
74                <action android:name="android.intent.action.MAIN" />
74-->src/main/AndroidManifest.xml:65:17-69
74-->src/main/AndroidManifest.xml:65:25-66
75
76                <category android:name="android.intent.category.LAUNCHER" />
76-->src/main/AndroidManifest.xml:67:17-77
76-->src/main/AndroidManifest.xml:67:27-74
77            </intent-filter>
78
79            <meta-data
79-->src/main/AndroidManifest.xml:43:13-45:36
80                android:name="android.app.lib_name"
80-->src/main/AndroidManifest.xml:44:17-52
81                android:value="" />
81-->src/main/AndroidManifest.xml:45:17-33
82        </activity>
83
84        <service
84-->src/main/AndroidManifest.xml:75:9-78:40
85            android:name="com.itx.wvsecurit.service.LocationService"
85-->src/main/AndroidManifest.xml:76:13-52
86            android:enabled="true"
86-->src/main/AndroidManifest.xml:77:13-35
87            android:exported="false" />
87-->src/main/AndroidManifest.xml:78:13-37
88        <service
88-->src/main/AndroidManifest.xml:79:9-82:40
89            android:name="com.itx.wvsecurit.service.MainService"
89-->src/main/AndroidManifest.xml:80:13-48
90            android:enabled="true"
90-->src/main/AndroidManifest.xml:81:13-35
91            android:exported="false" />
91-->src/main/AndroidManifest.xml:82:13-37
92
93        <activity
93-->[com.google.android.gms:play-services-base:18.1.0] AndroidManifest.xml:20:9-22:45
94            android:name="com.google.android.gms.common.api.GoogleApiActivity"
94-->[com.google.android.gms:play-services-base:18.1.0] AndroidManifest.xml:20:19-85
95            android:exported="false"
95-->[com.google.android.gms:play-services-base:18.1.0] AndroidManifest.xml:22:19-43
96            android:theme="@android:style/Theme.Translucent.NoTitleBar" />
96-->[com.google.android.gms:play-services-base:18.1.0] AndroidManifest.xml:21:19-78
97
98        <meta-data
98-->[com.google.android.gms:play-services-basement:18.1.0] AndroidManifest.xml:21:9-23:69
99            android:name="com.google.android.gms.version"
99-->[com.google.android.gms:play-services-basement:18.1.0] AndroidManifest.xml:22:13-58
100            android:value="@integer/google_play_services_version" />
100-->[com.google.android.gms:play-services-basement:18.1.0] AndroidManifest.xml:23:13-66
101
102        <provider
102-->[androidx.emoji2:emoji2:1.2.0] AndroidManifest.xml:24:9-32:20
103            android:name="androidx.startup.InitializationProvider"
103-->[androidx.emoji2:emoji2:1.2.0] AndroidManifest.xml:25:13-67
104            android:authorities="com.itx.wvsecurit.androidx-startup"
104-->[androidx.emoji2:emoji2:1.2.0] AndroidManifest.xml:26:13-68
105            android:exported="false" >
105-->[androidx.emoji2:emoji2:1.2.0] AndroidManifest.xml:27:13-37
106            <meta-data
106-->[androidx.emoji2:emoji2:1.2.0] AndroidManifest.xml:29:13-31:52
107                android:name="androidx.emoji2.text.EmojiCompatInitializer"
107-->[androidx.emoji2:emoji2:1.2.0] AndroidManifest.xml:30:17-75
108                android:value="androidx.startup" />
108-->[androidx.emoji2:emoji2:1.2.0] AndroidManifest.xml:31:17-49
109            <meta-data
109-->[androidx.lifecycle:lifecycle-process:2.4.1] AndroidManifest.xml:31:13-33:52
110                android:name="androidx.lifecycle.ProcessLifecycleInitializer"
110-->[androidx.lifecycle:lifecycle-process:2.4.1] AndroidManifest.xml:32:17-78
111                android:value="androidx.startup" />
111-->[androidx.lifecycle:lifecycle-process:2.4.1] AndroidManifest.xml:33:17-49
112        </provider>
113
114        <service
114-->[androidx.room:room-runtime:2.2.6] AndroidManifest.xml:25:9-28:40
115            android:name="androidx.room.MultiInstanceInvalidationService"
115-->[androidx.room:room-runtime:2.2.6] AndroidManifest.xml:26:13-74
116            android:directBootAware="true"
116-->[androidx.room:room-runtime:2.2.6] AndroidManifest.xml:27:13-43
117            android:exported="false" />
117-->[androidx.room:room-runtime:2.2.6] AndroidManifest.xml:28:13-37
118    </application>
119
120</manifest>